epoch,acc,loss,val_acc,val_loss
0,0.30244872,1.8147818508797287,0.3948175,1.6383983177608914
1,0.42450103,1.5309393612617377,0.43103927,1.4548570476637945
2,0.4724999,1.4015520470299074,0.45500138,1.4979349766837227
3,0.5018287,1.3278520693661564,0.47144052,1.5984776613447402
4,0.5211258,1.2730028470787718,0.5066871,1.3457566738128661
5,0.5374969,1.2312620689330038,0.5324603,1.2422396988338895
6,0.54885226,1.2005528826636993,0.5373363,1.2644629584418403
7,0.55637604,1.1841843116287154,0.52312624,1.3022539573245577
8,0.5661291,1.156726099243192,0.5682641,1.1665205306477018
9,0.575708,1.1355500944214907,0.5600446,1.2021500505341425
10,0.5770664,1.1260946847672555,0.5202006,1.3116072509023877
11,0.5850778,1.1111088167519034,0.5682641,1.2097536442014907
12,0.59012854,1.0983561795683563,0.57146835,1.1657102711995442
13,0.5952489,1.089999239411265,0.5859571,1.1309296936459012
14,0.5992894,1.0765355934983465,0.5905545,1.0897222023540074
15,0.6039918,1.0631720834135647,0.59682363,1.1046943354606629
16,0.60698736,1.0515415391713883,0.5827529,1.134215890566508
17,0.60702217,1.049695083583351,0.5784341,1.1573301675584582
18,0.61454594,1.0413524985226217,0.58651435,1.1247054571575588
19,0.6157999,1.0318604513513343,0.5852605,1.1409212470054626
20,0.61806405,1.0236884456197564,0.5909724,1.1396334052085877
21,0.6187955,1.0224670607774018,0.60587907,1.0899898076057435
22,0.62287086,1.0098156783788315,0.5775982,1.1644030581580267
23,0.62182593,1.0115532683513975,0.5969629,1.0787319527732002
24,0.62826985,1.00189110197083,0.61688495,1.059309901661343
25,0.6306733,0.9966968426306946,0.5955698,1.1173210737440322
26,0.62813056,0.9929001330488498,0.60657567,1.069566740989685
27,0.63255423,0.9868360501794988,0.6113123,1.0838465828365749
28,0.6362813,0.9823809074439526,0.6124269,1.096547269821167
29,0.6361768,0.9787269844053481,0.6015603,1.0932300281524658
30,0.63763976,0.9750638634496906,0.61535245,1.0546980343924628
31,0.6388937,0.9713566934407586,0.6184174,1.0481685280799866
32,0.6384757,0.9717555420331195,0.61270547,1.091577480369144
33,0.6402522,0.9622210744630706,0.6195319,1.033526577949524
34,0.6448152,0.9571128649953524,0.6189746,1.0348508641454908
35,0.6447455,0.9499042907550611,0.619114,1.039245556195577
36,0.6443276,0.9550142125872602,0.61772084,1.0454723747571308
37,0.64896023,0.9456148262685642,0.6117303,1.0676183580027687
38,0.6485074,0.947146320769462,0.6113123,1.0766417966948616
39,0.6501446,0.9391893175848391,0.6140986,1.0397946643829346
40,0.65206033,0.9394598913801481,0.6273335,1.0344765351878271
41,0.6534188,0.9379228403660532,0.6216216,1.0395895226796468
42,0.6527918,0.9332379288191565,0.6157704,1.0689032048649258
43,0.65139854,0.9288828532861615,0.5962664,1.1093846487998962
44,0.6601066,0.9250890675510058,0.63624966,1.023148809009128
45,0.6570762,0.9247997695116037,0.6081081,1.1218430953555636
46,0.6592358,0.9212737848855115,0.62398994,1.0431677492459615
47,0.65676266,0.9253305377596128,0.63527447,1.0154001976384057
48,0.6607336,0.9212826941386963,0.62566173,1.0256907921367222
49,0.6586785,0.9165379781243678,0.6223182,1.0329235863685609
50,0.6590268,0.9188595608781467,0.6195319,1.0295397056473625
51,0.6613257,0.909007694696391,0.63652825,1.0158544199996524
52,0.6601763,0.9095304459670797,0.61702424,1.0710331503550212
53,0.66522694,0.9038733417302107,0.6005851,1.1236545205116273
54,0.6645303,0.9010380970995322,0.61019784,1.0635669091012743
55,0.6644258,0.9065597449945487,0.6274728,1.0357647766007319
56,0.668954,0.8998087533813579,0.6290053,1.026939459376865
57,0.66985965,0.8977467539899339,0.60685426,1.1069484933217366
58,0.66815287,0.8948240481705546,0.6269156,1.0240811298953163
59,0.66978997,0.8960699885279089,0.63053775,1.0387669751379225
60,0.6872061,0.8447682901881092,0.6471162,0.9806309474839104
61,0.6962625,0.8257550796357445,0.65045977,0.9732291188504961
62,0.6980738,0.8211843469573178,0.6480914,0.978894778225157
63,0.70061654,0.8156045754836384,0.6489273,0.9724656580554114
64,0.70009404,0.816131058884554,0.6494845,0.9750907564163208
65,0.700303,0.8137637290416779,0.6494845,0.9724461054801941
66,0.69957155,0.8123112118868266,0.65059906,0.9710582478841145
67,0.7020098,0.8099285108637272,0.64641964,0.9700736538569132
68,0.70218396,0.8048679052749487,0.6493452,0.9771706914901733
69,0.70009404,0.8065678991013765,0.65059906,0.9768193750911289
70,0.7019402,0.8002795412679207,0.65157425,0.9698627738157908
71,0.70110416,0.803009126377295,0.6485093,0.9751842497454749
72,0.70643353,0.7967307035994176,0.64837,0.9767596877945794
73,0.70260197,0.8007499275712775,0.6492059,0.9771380229791006
74,0.7045526,0.7959387036524885,0.6485093,0.9801428373654684
75,0.7070605,0.7986538714698009,0.6519922,0.9753826797008515
76,0.707165,0.7927394801162121,0.6479521,0.9742161002424028
77,0.70625937,0.7935361980762828,0.6493452,0.9762316970030467
78,0.71120554,0.7888087247945974,0.6479521,0.9803027237786187
79,0.70110416,0.7966427962572133,0.6485093,0.9752496773666806
80,0.70848864,0.7910276160680653,0.6503204,0.9780025339126587
81,0.70807064,0.7923472810428532,0.65087765,0.9768488020367092
82,0.7062245,0.7908080008650794,0.6469769,0.9796931759516398
83,0.7084538,0.7876533468332513,0.6496239,0.9748760676383972
84,0.7112752,0.7835960091084264,0.65157425,0.9728714377350277
85,0.71232015,0.7812624776424412,0.65059906,0.9727523405022092
86,0.71117073,0.7850613454349977,0.651017,0.9723326583703359
87,0.70848864,0.7847545162720999,0.64976317,0.9735359050167931
88,0.7140966,0.7831605580031691,0.65143496,0.9726568183634017
89,0.7110314,0.7870529862281326,0.6500418,0.9726324444346958
90,0.7110314,0.7817413026401502,0.65157425,0.972365769677692
91,0.7097774,0.7818682883354584,0.65143496,0.9738937589857314
92,0.7093943,0.7829874894197029,0.6511563,0.9727622989813487
93,0.7103347,0.7830642253433493,0.64990246,0.9738611430592007
94,0.71636075,0.7740340019948696,0.6493452,0.9743241206804911
95,0.7103347,0.7825385570077671,0.6496239,0.9742072910732693
96,0.7129123,0.7787417833357214,0.651017,0.9742112056414286
97,0.71151906,0.7780069108500809,0.64976317,0.9741326753298442
98,0.713609,0.7779670203590373,0.65045977,0.973631382783254
99,0.71225053,0.7772748466901485,0.6501811,0.9739502447181277
